<?xml version="1.0" encoding="UTF-8"?>
<robot generator="Robot 6.0.2 (Python 3.11.1 on win32)" generated="20230113 11:41:52.528" rpa="false" schemaversion="3">
<suite id="s1" name="Amazon Testes" source="c:\Users\Vericoders\Documents\Curso-udemy\amazon_testes.robot">
<test id="s1-t1" name=" Caso de Teste 02 - Pesquisar um produto" line="20">
<kw name="Abrir o navegador" library="amazon_resource" type="SETUP">
<kw name="Open Browser" library="SeleniumLibrary">
<arg>browser=chrome</arg>
<doc>Opens a new browser instance to the optional ``url``.</doc>
<msg timestamp="20230113 11:41:52.875" level="INFO">Opening browser 'chrome' to base url 'None'.</msg>
<status status="PASS" starttime="20230113 11:41:52.872" endtime="20230113 11:41:55.044"/>
</kw>
<kw name="Maximize Browser Window" library="SeleniumLibrary">
<doc>Maximizes current browser window.</doc>
<status status="PASS" starttime="20230113 11:41:55.044" endtime="20230113 11:41:55.164"/>
</kw>
<status status="PASS" starttime="20230113 11:41:52.871" endtime="20230113 11:41:55.166"/>
</kw>
<kw name="Acessar a home page do site &quot;https://www.amazon.com.br/&quot;" library="amazon_resource" sourcename="Acessar a home page do site &quot;${URL}&quot;">
<kw name="Go To" library="SeleniumLibrary">
<arg>url=${URl}</arg>
<doc>Navigates the current browser window to the provided ``url``.</doc>
<msg timestamp="20230113 11:41:55.176" level="INFO">Opening url 'https://www.amazon.com.br/'</msg>
<status status="PASS" starttime="20230113 11:41:55.172" endtime="20230113 11:42:00.955"/>
</kw>
<kw name="Wait Until Element Is Visible" library="SeleniumLibrary">
<arg>locator=${MENU_ELETRONICOS}</arg>
<doc>Waits until the element ``locator`` is visible.</doc>
<status status="PASS" starttime="20230113 11:42:00.957" endtime="20230113 11:42:01.017"/>
</kw>
<status status="PASS" starttime="20230113 11:41:55.169" endtime="20230113 11:42:01.017"/>
</kw>
<kw name="Verificar se o título da página fica &quot;Amazon.com.br | Tudo pra você, de A a Z.&quot;" library="amazon_resource" sourcename="Verificar se o título da página fica &quot;${TITULO_ABA}&quot;">
<kw name="Title Should Be" library="SeleniumLibrary">
<arg>${TITULO_ABA}</arg>
<doc>Verifies that the current page title equals ``title``.</doc>
<msg timestamp="20230113 11:42:01.027" level="INFO">Page title is 'Amazon.com.br | Tudo pra você, de A a Z.'.</msg>
<status status="PASS" starttime="20230113 11:42:01.020" endtime="20230113 11:42:01.028"/>
</kw>
<status status="PASS" starttime="20230113 11:42:01.019" endtime="20230113 11:42:01.028"/>
</kw>
<kw name="Preencher o campo &quot;pesquisa&quot; com o valor &quot;Xbox Series S&quot;" library="amazon_resource" sourcename="Preencher o campo &quot;${CAMPO}&quot; com o valor &quot;${VALOR}&quot;">
<if>
<branch type="IF" condition="'${campo}' == 'pesquisa'">
<kw name="Input Text" library="SeleniumLibrary">
<arg>locator=${edit_pesquisa}</arg>
<arg>text=${valor}</arg>
<doc>Types the given ``text`` into the text field identified by ``locator``.</doc>
<msg timestamp="20230113 11:42:01.033" level="INFO">Typing text 'Xbox Series S' into text field 'twotabsearchtextbox'.</msg>
<status status="PASS" starttime="20230113 11:42:01.031" endtime="20230113 11:42:01.354"/>
</kw>
<status status="PASS" starttime="20230113 11:42:01.031" endtime="20230113 11:42:01.354"/>
</branch>
<branch type="ELSE">
<kw name="Fatal Error" library="BuiltIn">
<arg>message=elemento não encontrado</arg>
<doc>Stops the whole test execution.</doc>
<status status="NOT RUN" starttime="20230113 11:42:01.355" endtime="20230113 11:42:01.355"/>
</kw>
<status status="NOT RUN" starttime="20230113 11:42:01.354" endtime="20230113 11:42:01.356"/>
</branch>
<status status="PASS" starttime="20230113 11:42:01.031" endtime="20230113 11:42:01.356"/>
</if>
<status status="PASS" starttime="20230113 11:42:01.029" endtime="20230113 11:42:01.357"/>
</kw>
<kw name="Clicar no botão de pesquisa" library="amazon_resource">
<kw name="Click Element" library="SeleniumLibrary">
<arg>locator=${SUBMIT}</arg>
<doc>Click the element identified by ``locator``.</doc>
<msg timestamp="20230113 11:42:01.360" level="INFO">Clicking element '//input[contains(@type,'submit')]'.</msg>
<status status="PASS" starttime="20230113 11:42:01.358" endtime="20230113 11:42:01.630"/>
</kw>
<status status="PASS" starttime="20230113 11:42:01.358" endtime="20230113 11:42:01.630"/>
</kw>
<kw name="Verificar de &quot;1&quot; até o &quot;10&quot; resultados da pesquisa se está sendo listando o produto &quot;&quot;" library="amazon_resource" sourcename="Verificar de &quot;${INIT}&quot; até o &quot;${END}&quot; resultados da pesquisa se está sendo listando o produto &quot;${PRODUTO}&quot;">
<kw name="Wait Until Element Is Visible" library="SeleniumLibrary">
<arg>locator=//div[@data-cel-widget="search_result_1"]</arg>
<arg>timeout=20s</arg>
<arg>error=Elemento não encontrado dentro de</arg>
<doc>Waits until the element ``locator`` is visible.</doc>
<status status="PASS" starttime="20230113 11:42:01.632" endtime="20230113 11:42:03.758"/>
</kw>
<for flavor="IN RANGE">
<var>${i}</var>
<value>${INIT}</value>
<value>${END}</value>
<value>1</value>
<iter>
<var name="${i}">1</var>
<kw name="Element Should Be Visible" library="SeleniumLibrary">
<arg>locator=//div[@data-cel-widget="search_result_${i}"]//*[contains(.,'${PRODUTO}')]</arg>
<doc>Verifies that the element identified by ``locator`` is visible.</doc>
<msg timestamp="20230113 11:42:03.807" level="INFO">Element '//div[@data-cel-widget="search_result_1"]//*[contains(.,'')]' is displayed.</msg>
<status status="PASS" starttime="20230113 11:42:03.760" endtime="20230113 11:42:03.808"/>
</kw>
<kw name="Capture screenshot do elemento com o valor do locator &quot;//div[@data-cel-widget=&quot;search_result_${i}&quot;]//*[contains(.,'${PRODUTO}')]&quot;" library="amazon_resource" sourcename="Capture screenshot do elemento com o valor do locator &quot;${LOCATOR}&quot;">
<kw name="Capture Element Screenshot" library="SeleniumLibrary">
<arg>locator=${LOCATOR}</arg>
<doc>Captures a screenshot from the element identified by ``locator`` and embeds it into log file.</doc>
<msg timestamp="20230113 11:42:03.952" level="INFO" html="true">&lt;/td&gt;&lt;/tr&gt;&lt;tr&gt;&lt;td colspan="3"&gt;&lt;a href="selenium-element-screenshot-1.png"&gt;&lt;img src="selenium-element-screenshot-1.png" width="400px"&gt;&lt;/a&gt;</msg>
<status status="PASS" starttime="20230113 11:42:03.810" endtime="20230113 11:42:03.952"/>
</kw>
<status status="PASS" starttime="20230113 11:42:03.809" endtime="20230113 11:42:03.953"/>
</kw>
<if>
<branch type="IF" condition="${j} == 2">
<kw name="Exit For Loop" library="BuiltIn">
<doc>Stops executing the enclosing FOR loop.</doc>
<status status="NOT RUN" starttime="20230113 11:42:03.954" endtime="20230113 11:42:03.954"/>
</kw>
<status status="NOT RUN" starttime="20230113 11:42:03.954" endtime="20230113 11:42:03.954"/>
</branch>
<branch type="ELSE">
<kw name="Evaluate" library="BuiltIn">
<var>${j}</var>
<arg>${j}+1</arg>
<doc>Evaluates the given expression in Python and returns the result.</doc>
<msg timestamp="20230113 11:42:03.956" level="INFO">${j} = 2</msg>
<status status="PASS" starttime="20230113 11:42:03.955" endtime="20230113 11:42:03.956"/>
</kw>
<status status="PASS" starttime="20230113 11:42:03.954" endtime="20230113 11:42:03.957"/>
</branch>
<status status="PASS" starttime="20230113 11:42:03.953" endtime="20230113 11:42:03.957"/>
</if>
<status status="PASS" starttime="20230113 11:42:03.760" endtime="20230113 11:42:03.957"/>
</iter>
<iter>
<var name="${i}">2</var>
<kw name="Element Should Be Visible" library="SeleniumLibrary">
<arg>locator=//div[@data-cel-widget="search_result_${i}"]//*[contains(.,'${PRODUTO}')]</arg>
<doc>Verifies that the element identified by ``locator`` is visible.</doc>
<msg timestamp="20230113 11:42:03.990" level="INFO">Element '//div[@data-cel-widget="search_result_2"]//*[contains(.,'')]' is displayed.</msg>
<status status="PASS" starttime="20230113 11:42:03.958" endtime="20230113 11:42:03.990"/>
</kw>
<kw name="Capture screenshot do elemento com o valor do locator &quot;//div[@data-cel-widget=&quot;search_result_${i}&quot;]//*[contains(.,'${PRODUTO}')]&quot;" library="amazon_resource" sourcename="Capture screenshot do elemento com o valor do locator &quot;${LOCATOR}&quot;">
<kw name="Capture Element Screenshot" library="SeleniumLibrary">
<arg>locator=${LOCATOR}</arg>
<doc>Captures a screenshot from the element identified by ``locator`` and embeds it into log file.</doc>
<msg timestamp="20230113 11:42:04.170" level="INFO" html="true">&lt;/td&gt;&lt;/tr&gt;&lt;tr&gt;&lt;td colspan="3"&gt;&lt;a href="selenium-element-screenshot-2.png"&gt;&lt;img src="selenium-element-screenshot-2.png" width="400px"&gt;&lt;/a&gt;</msg>
<status status="PASS" starttime="20230113 11:42:03.991" endtime="20230113 11:42:04.170"/>
</kw>
<status status="PASS" starttime="20230113 11:42:03.990" endtime="20230113 11:42:04.171"/>
</kw>
<if>
<branch type="IF" condition="${j} == 2">
<kw name="Exit For Loop" library="BuiltIn">
<doc>Stops executing the enclosing FOR loop.</doc>
<msg timestamp="20230113 11:42:04.173" level="INFO">Exiting for loop altogether.</msg>
<status status="PASS" starttime="20230113 11:42:04.173" endtime="20230113 11:42:04.174"/>
</kw>
<status status="PASS" starttime="20230113 11:42:04.172" endtime="20230113 11:42:04.175"/>
</branch>
<branch type="ELSE">
<kw name="Evaluate" library="BuiltIn">
<var>${j}</var>
<arg>${j}+1</arg>
<doc>Evaluates the given expression in Python and returns the result.</doc>
<status status="NOT RUN" starttime="20230113 11:42:04.176" endtime="20230113 11:42:04.176"/>
</kw>
<status status="NOT RUN" starttime="20230113 11:42:04.175" endtime="20230113 11:42:04.176"/>
</branch>
<status status="PASS" starttime="20230113 11:42:04.172" endtime="20230113 11:42:04.177"/>
</if>
<status status="PASS" starttime="20230113 11:42:03.957" endtime="20230113 11:42:04.177"/>
</iter>
<status status="PASS" starttime="20230113 11:42:03.759" endtime="20230113 11:42:04.178"/>
</for>
<status status="PASS" starttime="20230113 11:42:01.631" endtime="20230113 11:42:04.178"/>
</kw>
<kw name="Fechar o navegador" library="amazon_resource" type="TEARDOWN">
<kw name="Capture Page Screenshot" library="SeleniumLibrary">
<doc>Takes a screenshot of the current page and embeds it into a log file.</doc>
<msg timestamp="20230113 11:42:04.546" level="INFO" html="true">&lt;/td&gt;&lt;/tr&gt;&lt;tr&gt;&lt;td colspan="3"&gt;&lt;a href="selenium-screenshot-1.png"&gt;&lt;img src="selenium-screenshot-1.png" width="800px"&gt;&lt;/a&gt;</msg>
<status status="PASS" starttime="20230113 11:42:04.180" endtime="20230113 11:42:04.546"/>
</kw>
<kw name="Close Browser" library="SeleniumLibrary">
<doc>Closes the current browser.</doc>
<status status="PASS" starttime="20230113 11:42:04.546" endtime="20230113 11:42:06.915"/>
</kw>
<status status="PASS" starttime="20230113 11:42:04.179" endtime="20230113 11:42:06.916"/>
</kw>
<tag>pesquisa_produto</tag>
<status status="PASS" starttime="20230113 11:41:52.869" endtime="20230113 11:42:06.918"/>
</test>
<doc>Essa suíte testa o site da Amazon.com.br</doc>
<status status="PASS" starttime="20230113 11:41:52.542" endtime="20230113 11:42:06.925"/>
</suite>
<statistics>
<total>
<stat pass="1" fail="0" skip="0">All Tests</stat>
</total>
<tag>
<stat pass="1" fail="0" skip="0">pesquisa_produto</stat>
</tag>
<suite>
<stat pass="1" fail="0" skip="0" id="s1" name="Amazon Testes">Amazon Testes</stat>
</suite>
</statistics>
<errors>
</errors>
</robot>
